  TimerMgr.cpp
c:\users\wjddn\onedrive\문서\github\srgame\sr\engine\header\timermgr.h(3): fatal error C1083: 포함 파일을 열 수 없습니다. 'Base.h': No such file or directory
  Timer.cpp
c:\users\wjddn\onedrive\문서\github\srgame\sr\engine\header\timer.h(2): fatal error C1083: 포함 파일을 열 수 없습니다. 'Base.h': No such file or directory
  SoundMgr.cpp
c:\users\wjddn\onedrive\문서\github\srgame\sr\engine\header\soundmgr.h(2): fatal error C1083: 포함 파일을 열 수 없습니다. 'Base.h': No such file or directory
  MyFont.cpp
c:\users\wjddn\onedrive\문서\github\srgame\sr\engine\header\myfont.h(2): fatal error C1083: 포함 파일을 열 수 없습니다. 'Base.h': No such file or directory
  KeyMgr.cpp
c:\users\wjddn\onedrive\문서\github\srgame\sr\engine\header\keymgr.h(3): fatal error C1083: 포함 파일을 열 수 없습니다. 'Base.h': No such file or directory
  InputDev.cpp
c:\users\wjddn\onedrive\문서\github\srgame\sr\engine\header\inputdev.h(3): fatal error C1083: 포함 파일을 열 수 없습니다. 'Base.h': No such file or directory
  GraphicDev.cpp
c:\users\wjddn\onedrive\문서\github\srgame\sr\engine\header\graphicdev.h(3): fatal error C1083: 포함 파일을 열 수 없습니다. 'Base.h': No such file or directory
  FrameMgr.cpp
c:\users\wjddn\onedrive\문서\github\srgame\sr\engine\header\framemgr.h(3): fatal error C1083: 포함 파일을 열 수 없습니다. 'Base.h': No such file or directory
  Frame.cpp
c:\users\wjddn\onedrive\문서\github\srgame\sr\engine\header\frame.h(2): fatal error C1083: 포함 파일을 열 수 없습니다. 'Base.h': No such file or directory
  FontMgr.cpp
c:\users\wjddn\onedrive\문서\github\srgame\sr\engine\header\fontmgr.h(3): fatal error C1083: 포함 파일을 열 수 없습니다. 'Base.h': No such file or directory
  CollisionMgr.cpp
c:\users\wjddn\onedrive\문서\github\srgame\sr\engine\header\collisionmgr.h(2): fatal error C1083: 포함 파일을 열 수 없습니다. 'Base.h': No such file or directory
  BulletMgr.cpp
c:\users\wjddn\onedrive\문서\github\srgame\sr\engine\header\bulletmgr.h(2): fatal error C1083: 포함 파일을 열 수 없습니다. 'Base.h': No such file or directory
  코드를 생성하고 있습니다...
